app/build/outputs/logs/manifest-merger-debug-report.txt
-- Merging decision tree log ---
manifest
ADDED from src/main/AndroidManifest.xml:2:1-128:12
INJECTED from src/main/AndroidManifest.xml:2:1-128:12
INJECTED from src/main/AndroidManifest.xml:2:1-128:12
INJECTED from src/main/AndroidManifest.xml:2:1-128:12
MERGED from [com.android.databinding:adapters:3.2.1] AndroidManifest.xml:17:1-24:12
MERGED from [com.android.databinding:library:3.2.1] AndroidManifest.xml:17:1-24:12
MERGED from [com.android.support.constraint:constraint-layout:1.0.2] AndroidManifest.xml:2:1-11:12
MERGED from [io.reactivex.rxjava2:rxandroid:2.0.1] AndroidManifest.xml:15:1-21:12
MERGED from [com.android.support:design:27.1.0] AndroidManifest.xml:17:1-22:12
MERGED from [:soundtouch_library] AndroidManifest.xml:2:1-11:12
MERGED from [com.myhexaville:smart-image-picker:1.0.4] AndroidManifest.xml:2:1-34:12
MERGED from [pub.devrel:easypermissions:1.1.3] AndroidManifest.xml:2:1-19:12
MERGED from [com.theartofdev.edmodo:android-image-cropper:2.6.0] AndroidManifest.xml:2:1-12:12
MERGED from [com.android.support:appcompat-v7:27.1.1] AndroidManifest.xml:17:1-22:12
MERGED from [com.google.firebase:firebase-messaging:17.3.4] AndroidManifest.xml:17:1-37:12
MERGED from [com.google.firebase:firebase-ml-vision:18.0.2] AndroidManifest.xml:2:1-8:12
MERGED from [com.google.firebase:firebase-ml-vision-face-model:17.0.2] AndroidManifest.xml:2:1-9:12
MERGED from [com.google.android.gms:play-services-vision:17.0.2] AndroidManifest.xml:2:1-9:12
MERGED from [com.google.firebase:firebase-core:16.0.4] AndroidManifest.xml:2:1-9:12
MERGED from [com.google.firebase:firebase-measurement-connector-impl:17.0.2] AndroidManifest.xml:17:1-34:12
MERGED from [com.google.firebase:firebase-analytics:16.0.4] AndroidManifest.xml:17:1-55:12
MERGED from [com.google.firebase:firebase-ml-common:16.1.6] AndroidManifest.xml:2:1-8:12
MERGED from [com.google.android.gms:play-services-measurement-api:16.0.2] AndroidManifest.xml:17:1-25:12
MERGED from [com.google.firebase:firebase-analytics-impl:16.2.2] AndroidManifest.xml:17:1-40:12
MERGED from [com.google.firebase:firebase-iid:17.0.4] AndroidManifest.xml:17:1-59:12
MERGED from [com.google.firebase:firebase-common:16.0.3] AndroidManifest.xml:2:1-17:12
MERGED from [com.google.android.gms:play-services-vision-image-label:17.0.2] AndroidManifest.xml:2:1-9:12
MERGED from [com.google.android.gms:play-services-vision-common:17.0.2] AndroidManifest.xml:2:1-9:12
MERGED from [com.google.android.gms:play-services-auth-base:16.0.0] AndroidManifest.xml:2:1-7:12
MERGED from [com.google.android.gms:play-services-clearcut:16.0.0] AndroidManifest.xml:17:1-24:12
MERGED from [com.google.android.gms:play-services-flags:16.0.1] AndroidManifest.xml:17:1-22:12
MERGED from [com.google.android.gms:play-services-phenotype:16.0.0] AndroidManifest.xml:17:1-24:12
MERGED from [com.google.firebase:firebase-iid-interop:16.0.1] AndroidManifest.xml:2:1-10:12
MERGED from [com.google.android.gms:play-services-base:16.0.1] AndroidManifest.xml:17:1-29:12
MERGED from [com.google.android.gms:play-services-tasks:16.0.1] AndroidManifest.xml:2:1-9:12
MERGED from [com.google.firebase:firebase-measurement-connector:17.0.1] AndroidManifest.xml:17:1-25:12
MERGED from [com.google.android.gms:play-services-stats:16.0.1] AndroidManifest.xml:2:1-9:12
MERGED from [com.google.android.gms:play-services-ads-identifier:16.0.0] AndroidManifest.xml:17:1-24:12
MERGED from [com.google.android.gms:play-services-basement:16.1.0] AndroidManifest.xml:17:1-28:12
MERGED from [com.android.support:support-v4:27.1.0] AndroidManifest.xml:17:1-22:12
MERGED from [:opencv] AndroidManifest.xml:2:1-11:12
MERGED from [com.android.support:recyclerview-v7:27.1.0] AndroidManifest.xml:17:1-22:12
MERGED from [com.android.support:transition:27.1.0] AndroidManifest.xml:17:1-22:12
MERGED from [com.android.support:support-fragment:27.1.1] AndroidManifest.xml:17:1-22:12
MERGED from [com.android.support:animated-vector-drawable:27.1.1] AndroidManifest.xml:17:1-22:12
MERGED from [com.android.support:support-core-ui:27.1.1] AndroidManifest.xml:17:1-22:12
MERGED from [com.android.support:support-core-utils:27.1.1] AndroidManifest.xml:17:1-22:12
MERGED from [com.android.support:support-vector-drawable:27.1.1] AndroidManifest.xml:17:1-22:12
MERGED from [com.android.support:support-media-compat:27.1.0] AndroidManifest.xml:17:1-22:12
MERGED from [com.android.support:support-compat:27.1.1] AndroidManifest.xml:17:1-22:12
MERGED from [android.arch.lifecycle:runtime:1.1.0] AndroidManifest.xml:17:1-22:12
MERGED from [com.android.support:exifinterface:27.1.1] AndroidManifest.xml:17:1-22:12
MERGED from [android.arch.lifecycle:livedata-core:1.1.0] AndroidManifest.xml:17:1-22:12
MERGED from [android.arch.core:runtime:1.1.0] AndroidManifest.xml:17:1-22:12
MERGED from [androidx.exifinterface:exifinterface:1.0.0] AndroidManifest.xml:17:1-22:12
MERGED from [com.google.android.gms:play-services-measurement-base:16.0.3] AndroidManifest.xml:2:1-9:12
MERGED from [android.arch.lifecycle:viewmodel:1.1.0] AndroidManifest.xml:17:1-22:12
INJECTED from src/main/AndroidManifest.xml:2:1-128:12
INJECTED from src/main/AndroidManifest.xml:2:1-128:12
INJECTED from src/main/AndroidManifest.xml:2:1-128:12
	package
		ADDED from src/main/AndroidManifest.xml:3:5-44
		INJECTED from src/main/AndroidManifest.xml
		INJECTED from src/main/AndroidManifest.xml
	android:versionName
		INJECTED from src/main/AndroidManifest.xml
		ADDED from src/main/AndroidManifest.xml:2:1-128:12
		INJECTED from src/main/AndroidManifest.xml
	android:versionCode
		INJECTED from src/main/AndroidManifest.xml
		ADDED from src/main/AndroidManifest.xml:2:1-128:12
		INJECTED from src/main/AndroidManifest.xml
	xmlns:android
		ADDED from src/main/AndroidManifest.xml:2:11-69
uses-feature#0x00020000
ADDED from src/main/AndroidManifest.xml:7:5-9:35
	android:glEsVersion
		ADDED from src/main/AndroidManifest.xml:8:9-41
	android:required
		ADDED from src/main/AndroidManifest.xml:9:9-32
uses-permission#android.permission.CAMERA
ADDED from src/main/AndroidManifest.xml:11:5-65
MERGED from [com.myhexaville:smart-image-picker:1.0.4] AndroidManifest.xml:11:5-65
MERGED from [com.myhexaville:smart-image-picker:1.0.4] AndroidManifest.xml:11:5-65
	android:name
		ADDED from src/main/AndroidManifest.xml:11:22-62
uses-permission#android.permission.CHANGE_NETWORK_STATE
ADDED from src/main/AndroidManifest.xml:12:5-79
	android:name
		ADDED from src/main/AndroidManifest.xml:12:22-76
uses-permission#android.permission.MODIFY_AUDIO_SETTINGS
ADDED from src/main/AndroidManifest.xml:13:5-80
	android:name
		ADDED from src/main/AndroidManifest.xml:13:22-77
uses-permission#android.permission.RECORD_AUDIO
ADDED from src/main/AndroidManifest.xml:14:5-71
	android:name
		ADDED from src/main/AndroidManifest.xml:14:22-68
uses-permission#android.permission.INTERNET
ADDED from src/main/AndroidManifest.xml:15:5-67
MERGED from [com.google.firebase:firebase-measurement-connector-impl:17.0.2] AndroidManifest.xml:22:5-67
MERGED from [com.google.firebase:firebase-measurement-connector-impl:17.0.2] AndroidManifest.xml:22:5-67
MERGED from [com.google.firebase:firebase-analytics:16.0.4] AndroidManifest.xml:23:5-67
MERGED from [com.google.firebase:firebase-analytics:16.0.4] AndroidManifest.xml:23:5-67
MERGED from [com.google.firebase:firebase-analytics-impl:16.2.2] AndroidManifest.xml:23:5-67
MERGED from [com.google.firebase:firebase-analytics-impl:16.2.2] AndroidManifest.xml:23:5-67
MERGED from [com.google.firebase:firebase-iid:17.0.4] AndroidManifest.xml:23:5-67
MERGED from [com.google.firebase:firebase-iid:17.0.4] AndroidManifest.xml:23:5-67
	android:name
		ADDED from src/main/AndroidManifest.xml:15:22-64
uses-permission#android.permission.WRITE_EXTERNAL_STORAGE
ADDED from src/main/AndroidManifest.xml:16:5-81
	android:name
		ADDED from src/main/AndroidManifest.xml:16:22-78
uses-permission#android.permission.ACCESS_NETWORK_STATE
ADDED from src/main/AndroidManifest.xml:17:5-79
MERGED from [com.google.firebase:firebase-measurement-connector-impl:17.0.2] AndroidManifest.xml:23:5-79
MERGED from [com.google.firebase:firebase-measurement-connector-impl:17.0.2] AndroidManifest.xml:23:5-79
MERGED from [com.google.firebase:firebase-analytics:16.0.4] AndroidManifest.xml:24:5-79
MERGED from [com.google.firebase:firebase-analytics:16.0.4] AndroidManifest.xml:24:5-79
MERGED from [com.google.firebase:firebase-analytics-impl:16.2.2] AndroidManifest.xml:24:5-79
MERGED from [com.google.firebase:firebase-analytics-impl:16.2.2] AndroidManifest.xml:24:5-79
MERGED from [com.google.firebase:firebase-iid:17.0.4] AndroidManifest.xml:22:5-79
MERGED from [com.google.firebase:firebase-iid:17.0.4] AndroidManifest.xml:22:5-79
	android:name
		ADDED from src/main/AndroidManifest.xml:17:22-76
uses-permission#android.permission.BLUETOOTH
ADDED from src/main/AndroidManifest.xml:18:5-68
	android:name
		ADDED from src/main/AndroidManifest.xml:18:22-65
uses-feature#android.hardware.camera
ADDED from src/main/AndroidManifest.xml:20:5-84
	android:required
		ADDED from src/main/AndroidManifest.xml:20:58-82
	android:name
		ADDED from src/main/AndroidManifest.xml:20:19-57
uses-feature#android.hardware.camera.autofocus
ADDED from src/main/AndroidManifest.xml:21:5-94
	android:required
		ADDED from src/main/AndroidManifest.xml:21:68-92
	android:name
		ADDED from src/main/AndroidManifest.xml:21:19-67
uses-feature#android.hardware.camera.front
ADDED from src/main/AndroidManifest.xml:22:5-90
	android:required
		ADDED from src/main/AndroidManifest.xml:22:64-88
	android:name
		ADDED from src/main/AndroidManifest.xml:22:19-63
uses-feature#android.hardware.camera.front.autofocus
ADDED from src/main/AndroidManifest.xml:23:5-101
	android:required
		ADDED from src/main/AndroidManifest.xml:23:75-99
	android:name
		ADDED from src/main/AndroidManifest.xml:23:19-73
supports-screens
ADDED from src/main/AndroidManifest.xml:25:5-29:37
	android:largeScreens
		ADDED from src/main/AndroidManifest.xml:28:9-36
	android:smallScreens
		ADDED from src/main/AndroidManifest.xml:26:9-36
	android:normalScreens
		ADDED from src/main/AndroidManifest.xml:27:9-37
	android:resizeable
		ADDED from src/main/AndroidManifest.xml:25:23-48
	android:anyDensity
		ADDED from src/main/AndroidManifest.xml:29:9-34
application
ADDED from src/main/AndroidManifest.xml:31:5-126:19
MERGED from [com.android.support.constraint:constraint-layout:1.0.2] AndroidManifest.xml:9:5-20
MERGED from [com.android.support.constraint:constraint-layout:1.0.2] AndroidManifest.xml:9:5-20
MERGED from [com.myhexaville:smart-image-picker:1.0.4] AndroidManifest.xml:14:5-32:19
MERGED from [com.myhexaville:smart-image-picker:1.0.4] AndroidManifest.xml:14:5-32:19
MERGED from [pub.devrel:easypermissions:1.1.3] AndroidManifest.xml:11:5-17:19
MERGED from [pub.devrel:easypermissions:1.1.3] AndroidManifest.xml:11:5-17:19
MERGED from [com.google.firebase:firebase-messaging:17.3.4] AndroidManifest.xml:22:5-35:19
MERGED from [com.google.firebase:firebase-messaging:17.3.4] AndroidManifest.xml:22:5-35:19
MERGED from [com.google.firebase:firebase-ml-vision-face-model:17.0.2] AndroidManifest.xml:7:5-20
MERGED from [com.google.firebase:firebase-ml-vision-face-model:17.0.2] AndroidManifest.xml:7:5-20
MERGED from [com.google.android.gms:play-services-vision:17.0.2] AndroidManifest.xml:7:5-20
MERGED from [com.google.android.gms:play-services-vision:17.0.2] AndroidManifest.xml:7:5-20
MERGED from [com.google.firebase:firebase-core:16.0.4] AndroidManifest.xml:7:5-20
MERGED from [com.google.firebase:firebase-core:16.0.4] AndroidManifest.xml:7:5-20
MERGED from [com.google.firebase:firebase-measurement-connector-impl:17.0.2] AndroidManifest.xml:26:5-32:19
MERGED from [com.google.firebase:firebase-measurement-connector-impl:17.0.2] AndroidManifest.xml:26:5-32:19
MERGED from [com.google.firebase:firebase-analytics:16.0.4] AndroidManifest.xml:28:5-53:19
MERGED from [com.google.firebase:firebase-analytics:16.0.4] AndroidManifest.xml:28:5-53:19
MERGED from [com.google.android.gms:play-services-measurement-api:16.0.2] AndroidManifest.xml:22:5-23:19
MERGED from [com.google.android.gms:play-services-measurement-api:16.0.2] AndroidManifest.xml:22:5-23:19
MERGED from [com.google.firebase:firebase-analytics-impl:16.2.2] AndroidManifest.xml:28:5-38:19
MERGED from [com.google.firebase:firebase-analytics-impl:16.2.2] AndroidManifest.xml:28:5-38:19
MERGED from [com.google.firebase:firebase-iid:17.0.4] AndroidManifest.xml:28:5-57:19
MERGED from [com.google.firebase:firebase-iid:17.0.4] AndroidManifest.xml:28:5-57:19
MERGED from [com.google.firebase:firebase-common:16.0.3] AndroidManifest.xml:9:5-15:19
MERGED from [com.google.firebase:firebase-common:16.0.3] AndroidManifest.xml:9:5-15:19
MERGED from [com.google.android.gms:play-services-vision-image-label:17.0.2] AndroidManifest.xml:7:5-20
MERGED from [com.google.android.gms:play-services-vision-image-label:17.0.2] AndroidManifest.xml:7:5-20
MERGED from [com.google.android.gms:play-services-vision-common:17.0.2] AndroidManifest.xml:7:5-20
MERGED from [com.google.android.gms:play-services-vision-common:17.0.2] AndroidManifest.xml:7:5-20
MERGED from [com.google.android.gms:play-services-clearcut:16.0.0] AndroidManifest.xml:22:5-20
MERGED from [com.google.android.gms:play-services-clearcut:16.0.0] AndroidManifest.xml:22:5-20
MERGED from [com.google.android.gms:play-services-phenotype:16.0.0] AndroidManifest.xml:22:5-20
MERGED from [com.google.android.gms:play-services-phenotype:16.0.0] AndroidManifest.xml:22:5-20
MERGED from [com.google.firebase:firebase-iid-interop:16.0.1] AndroidManifest.xml:7:5-8:19
MERGED from [com.google.firebase:firebase-iid-interop:16.0.1] AndroidManifest.xml:7:5-8:19
MERGED from [com.google.android.gms:play-services-base:16.0.1] AndroidManifest.xml:22:5-27:19
MERGED from [com.google.android.gms:play-services-base:16.0.1] AndroidManifest.xml:22:5-27:19
MERGED from [com.google.android.gms:play-services-tasks:16.0.1] AndroidManifest.xml:7:5-20
MERGED from [com.google.android.gms:play-services-tasks:16.0.1] AndroidManifest.xml:7:5-20
MERGED from [com.google.firebase:firebase-measurement-connector:17.0.1] AndroidManifest.xml:22:5-23:19
MERGED from [com.google.firebase:firebase-measurement-connector:17.0.1] AndroidManifest.xml:22:5-23:19
MERGED from [com.google.android.gms:play-services-stats:16.0.1] AndroidManifest.xml:7:5-20
MERGED from [com.google.android.gms:play-services-stats:16.0.1] AndroidManifest.xml:7:5-20
MERGED from [com.google.android.gms:play-services-ads-identifier:16.0.0] AndroidManifest.xml:22:5-20
MERGED from [com.google.android.gms:play-services-ads-identifier:16.0.0] AndroidManifest.xml:22:5-20
MERGED from [com.google.android.gms:play-services-basement:16.1.0] AndroidManifest.xml:22:5-26:19
MERGED from [com.google.android.gms:play-services-basement:16.1.0] AndroidManifest.xml:22:5-26:19
MERGED from [com.google.android.gms:play-services-measurement-base:16.0.3] AndroidManifest.xml:7:5-20
MERGED from [com.google.android.gms:play-services-measurement-base:16.0.3] AndroidManifest.xml:7:5-20
	android:supportsRtl
		ADDED from src/main/AndroidManifest.xml:35:9-35
	android:label
		ADDED from src/main/AndroidManifest.xml:34:9-41
	android:icon
		ADDED from src/main/AndroidManifest.xml:33:9-43
	android:allowBackup
		ADDED from src/main/AndroidManifest.xml:32:9-35
	android:theme
		ADDED from src/main/AndroidManifest.xml:36:9-40
meta-data#com.google.firebase.ml.vision.DEPENDENCIES
ADDED from src/main/AndroidManifest.xml:38:9-40:36
	android:value
		ADDED from src/main/AndroidManifest.xml:40:13-33
	android:name
		ADDED from src/main/AndroidManifest.xml:39:13-70
meta-data#com.google.firebase.messaging.default_notification_channel_id
ADDED from src/main/AndroidManifest.xml:42:9-44:71
	android:value
		ADDED from src/main/AndroidManifest.xml:44:13-68
	android:name
		ADDED from src/main/AndroidManifest.xml:43:13-89
activity#com.myhexaville.androidwebrtc.app_rtc_sample.main.AppRTCMainActivity
ADDED from src/main/AndroidManifest.xml:46:9-49:55
	android:label
		ADDED from src/main/AndroidManifest.xml:48:13-45
	android:windowSoftInputMode
		ADDED from src/main/AndroidManifest.xml:49:13-52
	android:name
		ADDED from src/main/AndroidManifest.xml:47:13-67
activity#com.myhexaville.androidwebrtc.app_rtc_sample.call.CallActivity
ADDED from src/main/AndroidManifest.xml:50:9-55:52
	android:screenOrientation
		ADDED from src/main/AndroidManifest.xml:54:13-49
	android:label
		ADDED from src/main/AndroidManifest.xml:53:13-45
	android:configChanges
		ADDED from src/main/AndroidManifest.xml:52:13-59
	android:theme
		ADDED from src/main/AndroidManifest.xml:55:13-49
	android:name
		ADDED from src/main/AndroidManifest.xml:51:13-61
activity#com.myhexaville.androidwebrtc.LoginActivity
ADDED from src/main/AndroidManifest.xml:56:9-66:20
	android:label
		ADDED from src/main/AndroidManifest.xml:59:13-58
	android:configChanges
		ADDED from src/main/AndroidManifest.xml:58:13-59
	android:theme
		ADDED from src/main/AndroidManifest.xml:60:13-56
	android:name
		ADDED from src/main/AndroidManifest.xml:57:13-42
intent-filter#action:name:android.intent.action.MAIN+category:name:android.intent.category.LAUNCHER
ADDED from src/main/AndroidManifest.xml:61:13-65:29
action#android.intent.action.MAIN
ADDED from src/main/AndroidManifest.xml:62:17-69
	android:name
		ADDED from src/main/AndroidManifest.xml:62:25-66
category#android.intent.category.LAUNCHER
ADDED from src/main/AndroidManifest.xml:64:17-77
	android:name
		ADDED from src/main/AndroidManifest.xml:64:27-74
activity#com.myhexaville.androidwebrtc.JoinActivity
ADDED from src/main/AndroidManifest.xml:68:9-69:61
	android:configChanges
		ADDED from src/main/AndroidManifest.xml:69:13-59
	android:name
		ADDED from src/main/AndroidManifest.xml:68:19-47
activity#com.myhexaville.androidwebrtc.CallingActivity
ADDED from src/main/AndroidManifest.xml:71:9-72:61
	android:configChanges
		ADDED from src/main/AndroidManifest.xml:72:13-59
	android:name
		ADDED from src/main/AndroidManifest.xml:71:19-50
activity#com.myhexaville.androidwebrtc.RecordActivity
ADDED from src/main/AndroidManifest.xml:74:9-51
	android:name
		ADDED from src/main/AndroidManifest.xml:74:19-49
activity#com.myhexaville.androidwebrtc.RecordTestActivity
ADDED from src/main/AndroidManifest.xml:75:9-55
	android:name
		ADDED from src/main/AndroidManifest.xml:75:19-53
activity#com.myhexaville.androidwebrtc.test
ADDED from src/main/AndroidManifest.xml:76:9-41
	android:name
		ADDED from src/main/AndroidManifest.xml:76:19-39
activity#com.myhexaville.androidwebrtc.UdpTest
ADDED from src/main/AndroidManifest.xml:77:9-44
	android:name
		ADDED from src/main/AndroidManifest.xml:77:19-42
activity#com.myhexaville.androidwebrtc.LauncherActivity
ADDED from src/main/AndroidManifest.xml:80:9-81:58
	android:theme
		ADDED from src/main/AndroidManifest.xml:81:13-56
	android:name
		ADDED from src/main/AndroidManifest.xml:80:19-51
activity#com.myhexaville.androidwebrtc.tutorial.CameraRenderActivity
ADDED from src/main/AndroidManifest.xml:83:9-86:59
	android:label
		ADDED from src/main/AndroidManifest.xml:85:13-45
	android:theme
		ADDED from src/main/AndroidManifest.xml:86:13-56
	android:name
		ADDED from src/main/AndroidManifest.xml:84:13-58
activity#com.myhexaville.androidwebrtc.tutorial.MediaStreamActivity
ADDED from src/main/AndroidManifest.xml:88:9-91:59
	android:label
		ADDED from src/main/AndroidManifest.xml:90:13-74
	android:theme
		ADDED from src/main/AndroidManifest.xml:91:13-56
	android:name
		ADDED from src/main/AndroidManifest.xml:89:13-57
activity#com.myhexaville.androidwebrtc.OpencvActivity
ADDED from src/main/AndroidManifest.xml:93:9-96:65
	android:screenOrientation
		ADDED from src/main/AndroidManifest.xml:95:13-50
	android:configChanges
		ADDED from src/main/AndroidManifest.xml:96:13-63
	android:name
		ADDED from src/main/AndroidManifest.xml:94:13-43
activity#com.myhexaville.androidwebrtc.tutorial.DataChannelActivity
ADDED from src/main/AndroidManifest.xml:98:9-101:59
	android:label
		ADDED from src/main/AndroidManifest.xml:100:13-71
	android:theme
		ADDED from src/main/AndroidManifest.xml:101:13-56
	android:name
		ADDED from src/main/AndroidManifest.xml:99:13-57
activity#com.myhexaville.androidwebrtc.FriendsActivity
ADDED from src/main/AndroidManifest.xml:109:9-111:67
	android:windowSoftInputMode
		ADDED from src/main/AndroidManifest.xml:111:13-65
	android:configChanges
		ADDED from src/main/AndroidManifest.xml:110:13-59
	android:name
		ADDED from src/main/AndroidManifest.xml:109:19-50
service#com.myhexaville.androidwebrtc.MyFirebaseMessagingService
ADDED from src/main/AndroidManifest.xml:113:9-118:19
	android:name
		ADDED from src/main/AndroidManifest.xml:114:13-55
intent-filter#action:name:com.google.firebase.MESSAGING_EVENT
ADDED from src/main/AndroidManifest.xml:115:13-117:29
action#com.google.firebase.MESSAGING_EVENT
ADDED from src/main/AndroidManifest.xml:116:17-78
	android:name
		ADDED from src/main/AndroidManifest.xml:116:25-75
service#com.myhexaville.androidwebrtc.MyFirebaseInstanceIDService
ADDED from src/main/AndroidManifest.xml:119:9-124:19
	android:name
		ADDED from src/main/AndroidManifest.xml:120:13-56
intent-filter#action:name:com.google.firebase.INSTANCE_ID_EVENT
ADDED from src/main/AndroidManifest.xml:121:13-123:29
action#com.google.firebase.INSTANCE_ID_EVENT
ADDED from src/main/AndroidManifest.xml:122:17-80
	android:name
		ADDED from src/main/AndroidManifest.xml:122:25-77
uses-sdk
INJECTED from src/main/AndroidManifest.xml reason: use-sdk injection requested
INJECTED from src/main/AndroidManifest.xml
INJECTED from src/main/AndroidManifest.xml
MERGED from [com.android.databinding:adapters:3.2.1] AndroidManifest.xml:22:5-44
MERGED from [com.android.databinding:adapters:3.2.1] AndroidManifest.xml:22:5-44
MERGED from [com.android.databinding:library:3.2.1] AndroidManifest.xml:22:5-44
MERGED from [com.android.databinding:library:3.2.1] AndroidManifest.xml:22:5-44
MERGED from [com.android.support.constraint:constraint-layout:1.0.2] AndroidManifest.xml:5:5-7:41
MERGED from [com.android.support.constraint:constraint-layout:1.0.2] AndroidManifest.xml:5:5-7:41
MERGED from [io.reactivex.rxjava2:rxandroid:2.0.1] AndroidManifest.xml:19:5-43
MERGED from [io.reactivex.rxjava2:rxandroid:2.0.1] AndroidManifest.xml:19:5-43
MERGED from [com.android.support:design:27.1.0] AndroidManifest.xml:20:5-44
MERGED from [com.android.support:design:27.1.0] AndroidManifest.xml:20:5-44
MERGED from [:soundtouch_library] AndroidManifest.xml:7:5-9:41
MERGED from [:soundtouch_library] AndroidManifest.xml:7:5-9:41
MERGED from [com.myhexaville:smart-image-picker:1.0.4] AndroidManifest.xml:7:5-9:41
MERGED from [com.myhexaville:smart-image-picker:1.0.4] AndroidManifest.xml:7:5-9:41
MERGED from [pub.devrel:easypermissions:1.1.3] AndroidManifest.xml:7:5-9:41
MERGED from [pub.devrel:easypermissions:1.1.3] AndroidManifest.xml:7:5-9:41
MERGED from [com.theartofdev.edmodo:android-image-cropper:2.6.0] AndroidManifest.xml:8:5-10:41
MERGED from [com.theartofdev.edmodo:android-image-cropper:2.6.0] AndroidManifest.xml:8:5-10:41
MERGED from [com.android.support:appcompat-v7:27.1.1] AndroidManifest.xml:20:5-44
MERGED from [com.android.support:appcompat-v7:27.1.1] AndroidManifest.xml:20:5-44
MERGED from [com.google.firebase:firebase-messaging:17.3.4] AndroidManifest.xml:20:5-44
MERGED from [com.google.firebase:firebase-messaging:17.3.4] AndroidManifest.xml:20:5-44
MERGED from [com.google.firebase:firebase-ml-vision:18.0.2] AndroidManifest.xml:6:5-44
MERGED from [com.google.firebase:firebase-ml-vision:18.0.2] AndroidManifest.xml:6:5-44
MERGED from [com.google.firebase:firebase-ml-vision-face-model:17.0.2] AndroidManifest.xml:5:5-44
MERGED from [com.google.firebase:firebase-ml-vision-face-model:17.0.2] AndroidManifest.xml:5:5-44
MERGED from [com.google.android.gms:play-services-vision:17.0.2] AndroidManifest.xml:5:5-44
MERGED from [com.google.android.gms:play-services-vision:17.0.2] AndroidManifest.xml:5:5-44
MERGED from [com.google.firebase:firebase-core:16.0.4] AndroidManifest.xml:5:5-44
MERGED from [com.google.firebase:firebase-core:16.0.4] AndroidManifest.xml:5:5-44
MERGED from [com.google.firebase:firebase-measurement-connector-impl:17.0.2] AndroidManifest.xml:20:5-44
MERGED from [com.google.firebase:firebase-measurement-connector-impl:17.0.2] AndroidManifest.xml:20:5-44
MERGED from [com.google.firebase:firebase-analytics:16.0.4] AndroidManifest.xml:20:5-44
MERGED from [com.google.firebase:firebase-analytics:16.0.4] AndroidManifest.xml:20:5-44
MERGED from [com.google.firebase:firebase-ml-common:16.1.6] AndroidManifest.xml:6:5-44
MERGED from [com.google.firebase:firebase-ml-common:16.1.6] AndroidManifest.xml:6:5-44
MERGED from [com.google.android.gms:play-services-measurement-api:16.0.2] AndroidManifest.xml:20:5-44
MERGED from [com.google.android.gms:play-services-measurement-api:16.0.2] AndroidManifest.xml:20:5-44
MERGED from [com.google.firebase:firebase-analytics-impl:16.2.2] AndroidManifest.xml:20:5-44
MERGED from [com.google.firebase:firebase-analytics-impl:16.2.2] AndroidManifest.xml:20:5-44
MERGED from [com.google.firebase:firebase-iid:17.0.4] AndroidManifest.xml:20:5-44
MERGED from [com.google.firebase:firebase-iid:17.0.4] AndroidManifest.xml:20:5-44
MERGED from [com.google.firebase:firebase-common:16.0.3] AndroidManifest.xml:5:5-7:41
MERGED from [com.google.firebase:firebase-common:16.0.3] AndroidManifest.xml:5:5-7:41
MERGED from [com.google.android.gms:play-services-vision-image-label:17.0.2] AndroidManifest.xml:5:5-44
MERGED from [com.google.android.gms:play-services-vision-image-label:17.0.2] AndroidManifest.xml:5:5-44
MERGED from [com.google.android.gms:play-services-vision-common:17.0.2] AndroidManifest.xml:5:5-44
MERGED from [com.google.android.gms:play-services-vision-common:17.0.2] AndroidManifest.xml:5:5-44
MERGED from [com.google.android.gms:play-services-auth-base:16.0.0] AndroidManifest.xml:5:5-44
MERGED from [com.google.android.gms:play-services-auth-base:16.0.0] AndroidManifest.xml:5:5-44
MERGED from [com.google.android.gms:play-services-clearcut:16.0.0] AndroidManifest.xml:20:5-44
MERGED from [com.google.android.gms:play-services-clearcut:16.0.0] AndroidManifest.xml:20:5-44
MERGED from [com.google.android.gms:play-services-flags:16.0.1] AndroidManifest.xml:20:5-44
MERGED from [com.google.android.gms:play-services-flags:16.0.1] AndroidManifest.xml:20:5-44
MERGED from [com.google.android.gms:play-services-phenotype:16.0.0] AndroidManifest.xml:20:5-44
MERGED from [com.google.android.gms:play-services-phenotype:16.0.0] AndroidManifest.xml:20:5-44
MERGED from [com.google.firebase:firebase-iid-interop:16.0.1] AndroidManifest.xml:5:5-44
MERGED from [com.google.firebase:firebase-iid-interop:16.0.1] AndroidManifest.xml:5:5-44
MERGED from [com.google.android.gms:play-services-base:16.0.1] AndroidManifest.xml:20:5-44
MERGED from [com.google.android.gms:play-services-base:16.0.1] AndroidManifest.xml:20:5-44
MERGED from [com.google.android.gms:play-services-tasks:16.0.1] AndroidManifest.xml:5:5-44
MERGED from [com.google.android.gms:play-services-tasks:16.0.1] AndroidManifest.xml:5:5-44
MERGED from [com.google.firebase:firebase-measurement-connector:17.0.1] AndroidManifest.xml:20:5-44
MERGED from [com.google.firebase:firebase-measurement-connector:17.0.1] AndroidManifest.xml:20:5-44
MERGED from [com.google.android.gms:play-services-stats:16.0.1] AndroidManifest.xml:5:5-44
MERGED from [com.google.android.gms:play-services-stats:16.0.1] AndroidManifest.xml:5:5-44
MERGED from [com.google.android.gms:play-services-ads-identifier:16.0.0] AndroidManifest.xml:20:5-44
MERGED from [com.google.android.gms:play-services-ads-identifier:16.0.0] AndroidManifest.xml:20:5-44
MERGED from [com.google.android.gms:play-services-basement:16.1.0] AndroidManifest.xml:20:5-44
MERGED from [com.google.android.gms:play-services-basement:16.1.0] AndroidManifest.xml:20:5-44
MERGED from [com.android.support:support-v4:27.1.0] AndroidManifest.xml:20:5-44
MERGED from [com.android.support:support-v4:27.1.0] AndroidManifest.xml:20:5-44
MERGED from [:opencv] AndroidManifest.xml:7:5-9:41
MERGED from [:opencv] AndroidManifest.xml:7:5-9:41
MERGED from [com.android.support:recyclerview-v7:27.1.0] AndroidManifest.xml:20:5-44
MERGED from [com.android.support:recyclerview-v7:27.1.0] AndroidManifest.xml:20:5-44
MERGED from [com.android.support:transition:27.1.0] AndroidManifest.xml:20:5-44
MERGED from [com.android.support:transition:27.1.0] AndroidManifest.xml:20:5-44
MERGED from [com.android.support:support-fragment:27.1.1] AndroidManifest.xml:20:5-44
MERGED from [com.android.support:support-fragment:27.1.1] AndroidManifest.xml:20:5-44
MERGED from [com.android.support:animated-vector-drawable:27.1.1] AndroidManifest.xml:20:5-44
MERGED from [com.android.support:animated-vector-drawable:27.1.1] AndroidManifest.xml:20:5-44
MERGED from [com.android.support:support-core-ui:27.1.1] AndroidManifest.xml:20:5-44
MERGED from [com.android.support:support-core-ui:27.1.1] AndroidManifest.xml:20:5-44
MERGED from [com.android.support:support-core-utils:27.1.1] AndroidManifest.xml:20:5-44
MERGED from [com.android.support:support-core-utils:27.1.1] AndroidManifest.xml:20:5-44
MERGED from [com.android.support:support-vector-drawable:27.1.1] AndroidManifest.xml:20:5-44
MERGED from [com.android.support:support-vector-drawable:27.1.1] AndroidManifest.xml:20:5-44
MERGED from [com.android.support:support-media-compat:27.1.0] AndroidManifest.xml:20:5-44
MERGED from [com.android.support:support-media-compat:27.1.0] AndroidManifest.xml:20:5-44
MERGED from [com.android.support:support-compat:27.1.1] AndroidManifest.xml:20:5-44
MERGED from [com.android.support:support-compat:27.1.1] AndroidManifest.xml:20:5-44
MERGED from [android.arch.lifecycle:runtime:1.1.0] AndroidManifest.xml:20:5-44
MERGED from [android.arch.lifecycle:runtime:1.1.0] AndroidManifest.xml:20:5-44
MERGED from [com.android.support:exifinterface:27.1.1] AndroidManifest.xml:20:5-44